<?xml version="1.0" encoding="UTF-8"?>
<testng-results skipped="0" failed="0" ignored="0" total="2" passed="2">
  <reporter-output>
  </reporter-output>
  <suite name="com.selenium.AppTest" duration-ms="17206" started-at="2019-02-26T15:08:44 IST" finished-at="2019-02-26T15:09:01 IST">
    <groups>
    </groups>
    <test name="Command line test" duration-ms="17206" started-at="2019-02-26T15:08:44 IST" finished-at="2019-02-26T15:09:01 IST">
      <class name="com.selenium.AppTest">
        <test-method status="PASS" signature="TestExample()[pri:0, instance:com.selenium.AppTest@39fb3ab6]" name="TestExample" duration-ms="10198" started-at="2019-02-26T15:08:44 IST" finished-at="2019-02-26T15:08:54 IST">
          <reporter-output>
          </reporter-output>
        </test-method> <!-- TestExample -->
        <test-method status="PASS" signature="testList()[pri:0, instance:com.selenium.AppTest@39fb3ab6]" name="testList" duration-ms="6891" started-at="2019-02-26T15:08:54 IST" finished-at="2019-02-26T15:09:01 IST">
          <reporter-output>
          </reporter-output>
        </test-method> <!-- testList -->
      </class> <!-- com.selenium.AppTest -->
    </test> <!-- Command line test -->
  </suite> <!-- com.selenium.AppTest -->
</testng-results>
